<?xml version="1.0" encoding="UTF-8"?><testsuite errors="1" failures="0" name="music.cucumber.Steps.AddToFavSteps" skipped="0" tests="1" time="46.15" timestamp="2021-04-99 01:13:06"><testcase classname="music.cucumber.Steps.AddToFavSteps" name="User navigates to mixcloud website"><error message="Could not instantiate new WebDriver instance of type class org.openqa.selenium.firefox.FirefoxDriver (Failed to connect to binary FirefoxBinary(/Applications/Firefox.app/Contents/MacOS/firefox-bin) on port 7055; process output follows: &#10;tyles&quot;:{&quot;id&quot;:&quot;default-theme@mozilla.org&quot;,&quot;version&quot;:&quot;1.0&quot;},&quot;lwtDarkStyles&quot;:{&quot;accentcolor&quot;:&quot;hsl(240, 5%, 5%)&quot;,&quot;icon_color&quot;:&quot;rgb(249, 249, 250, 0.7)&quot;,&quot;ntp_background&quot;:&quot;#2A2A2E&quot;,&quot;ntp_text&quot;:&quot;rgb(249, 249, 250)&quot;,&quot;popup&quot;:&quot;#4a4a4f&quot;,&quot;popup_border&quot;:&quot;#27272b&quot;,&quot;popup_text&quot;:&quot;rgb(249, 249, 250)&quot;,&quot;sidebar&quot;:&quot;#38383D&quot;,&quot;sidebar_border&quot;:&quot;rgba(255, 255, 255, 0.1)&quot;,&quot;sidebar_text&quot;:&quot;rgb(249, 249, 250)&quot;,&quot;textcolor&quot;:&quot;rgb(249, 249, 250)&quot;,&quot;tab_line&quot;:&quot;#0a84ff&quot;,&quot;toolbarColor&quot;:&quot;hsl(240, 1%, 20%)&quot;,&quot;toolbar_bottom_separator&quot;:&quot;hsl(240, 5%, 5%)&quot;,&quot;toolbar_field&quot;:&quot;rgb(71, 71, 73)&quot;,&quot;toolbar_field_border&quot;:&quot;rgba(249, 249, 250, 0.2)&quot;,&quot;toolbar_field_separator&quot;:&quot;#5F6670&quot;,&quot;toolbar_field_text&quot;:&quot;rgb(249, 249, 250)&quot;,&quot;id&quot;:&quot;default-theme@mozilla.org&quot;,&quot;version&quot;:&quot;1.0&quot;}}},&quot;firefox-compact-light@mozilla.org&quot;:{&quot;dependencies&quot;:[],&quot;enabled&quot;:false,&quot;loader&quot;:null,&quot;path&quot;:null,&quot;rootURI&quot;:&quot;resource:///modules/themes/light/&quot;,&quot;runInSafeMode&quot;:true,&quot;telemetryKey&quot;:&quot;firefox-compact-light%40mozilla.org:1.0&quot;,&quot;version&quot;:&quot;1.0&quot;,&quot;type&quot;:&quot;theme&quot;},&quot;firefox-compact-dark@mozilla.org&quot;:{&quot;dependencies&quot;:[],&quot;enabled&quot;:false,&quot;loader&quot;:null,&quot;path&quot;:null,&quot;rootURI&quot;:&quot;resource:///modules/themes/dark/&quot;,&quot;runInSafeMode&quot;:true,&quot;telemetryKey&quot;:&quot;firefox-compact-dark%40mozilla.org:1.0&quot;,&quot;version&quot;:&quot;1.0&quot;,&quot;type&quot;:&quot;theme&quot;},&quot;yandex@search.mozilla.org&quot;:{&quot;dependencies&quot;:[],&quot;enabled&quot;:true,&quot;loader&quot;:null,&quot;path&quot;:null,&quot;rootURI&quot;:&quot;resource://search-extensions/yandex/&quot;,&quot;runInSafeMode&quot;:true,&quot;telemetryKey&quot;:&quot;yandex%40search.mozilla.org:1.0&quot;,&quot;version&quot;:&quot;1.0&quot;},&quot;google@search.mozilla.org&quot;:{&quot;dependencies&quot;:[],&quot;enabled&quot;:true,&quot;loader&quot;:null,&quot;path&quot;:null,&quot;rootURI&quot;:&quot;resource://search-extensions/google/&quot;,&quot;runInSafeMode&quot;:true,&quot;telemetryKey&quot;:&quot;google%40search.mozilla.org:1.0&quot;,&quot;version&quot;:&quot;1.0&quot;},&quot;ddg@search.mozilla.org&quot;:{&quot;dependencies&quot;:[],&quot;enabled&quot;:true,&quot;loader&quot;:null,&quot;path&quot;:null,&quot;rootURI&quot;:&quot;resource://search-extensions/ddg/&quot;,&quot;runInSafeMode&quot;:true,&quot;telemetryKey&quot;:&quot;ddg%40search.mozilla.org:1.0&quot;,&quot;version&quot;:&quot;1.0&quot;},&quot;ozonru@search.mozilla.org&quot;:{&quot;dependencies&quot;:[],&quot;enabled&quot;:true,&quot;loader&quot;:null,&quot;path&quot;:null,&quot;rootURI&quot;:&quot;resource://search-extensions/ozonru/&quot;,&quot;runInSafeMode&quot;:true,&quot;telemetryKey&quot;:&quot;ozonru%40search.mozilla.org:1.2&quot;,&quot;version&quot;:&quot;1.2&quot;},&quot;priceru@search.mozilla.org&quot;:{&quot;dependencies&quot;:[],&quot;enabled&quot;:true,&quot;loader&quot;:null,&quot;path&quot;:null,&quot;rootURI&quot;:&quot;resource://search-extensions/priceru/&quot;,&quot;runInSafeMode&quot;:true,&quot;telemetryKey&quot;:&quot;priceru%40search.mozilla.org:1.0&quot;,&quot;version&quot;:&quot;1.0&quot;},&quot;wikipedia@search.mozilla.org&quot;:{&quot;dependencies&quot;:[],&quot;enabled&quot;:true,&quot;loader&quot;:null,&quot;path&quot;:null,&quot;rootURI&quot;:&quot;resource://search-extensions/wikipedia/&quot;,&quot;runInSafeMode&quot;:true,&quot;telemetryKey&quot;:&quot;wikipedia%40search.mozilla.org:1.0&quot;,&quot;version&quot;:&quot;1.0&quot;}},&quot;staged&quot;:{}}: null&#10;1617963191728&#9;addons.xpi&#9;DEBUG&#9;Updating XPIState for {&quot;id&quot;:&quot;mailru@search.mozilla.org&quot;,&quot;syncGUID&quot;:&quot;{f7ea64ae-f294-6f4e-9893-49f545c59ea1}&quot;,&quot;version&quot;:&quot;1.0&quot;,&quot;type&quot;:&quot;extension&quot;,&quot;loader&quot;:null,&quot;updateURL&quot;:null,&quot;optionsURL&quot;:null,&quot;optionsType&quot;:null,&quot;optionsBrowserStyle&quot;:true,&quot;aboutURL&quot;:null,&quot;defaultLocale&quot;:{&quot;name&quot;:&quot;Поиск Mail.Ru&quot;,&quot;description&quot;:&quot;Search with Поиск Mail.Ru&quot;,&quot;creator&quot;:null,&quot;developers&quot;:null,&quot;translators&quot;:null,&quot;contributors&quot;:null},&quot;visible&quot;:true,&quot;active&quot;:true,&quot;userDisabled&quot;:false,&quot;appDisabled&quot;:false,&quot;installDate&quot;:1617963191727,&quot;applyBackgroundUpdates&quot;:1,&quot;path&quot;:null,&quot;skinnable&quot;:false,&quot;sourceURI&quot;:null,&quot;releaseNotesURI&quot;:null,&quot;softDisabled&quot;:false,&quot;foreignInstall&quot;:false,&quot;strictCompatibility&quot;:true,&quot;locales&quot;:[],&quot;targetApplications&quot;:[{&quot;id&quot;:&quot;toolkit@mozilla.org&quot;,&quot;minVersion&quot;:null,&quot;maxVersion&quot;:null}],&quot;targetPlatforms&quot;:[],&quot;seen&quot;:true,&quot;dependencies&quot;:[],&quot;incognito&quot;:&quot;spanning&quot;,&quot;userPermissions&quot;:{&quot;permissions&quot;:[],&quot;origins&quot;:[]},&quot;icons&quot;:{&quot;16&quot;:&quot;favicon.ico&quot;},&quot;iconURL&quot;:null,&quot;blocklistState&quot;:0,&quot;blocklistURL&quot;:null,&quot;startupData&quot;:null,&quot;hidden&quot;:true,&quot;installTelemetryInfo&quot;:null,&quot;recommendationState&quot;:null,&quot;rootURI&quot;:&quot;resource://search-extensions/mailru/&quot;,&quot;location&quot;:&quot;app-builtin&quot;}&#10;1617963191728&#9;addons.xpi&#9;DEBUG&#9;Loading bootstrap scope from resource://search-extensions/mailru/&#10;1617963191728&#9;addons.xpi&#9;DEBUG&#9;Calling bootstrap method install on mailru@search.mozilla.org version 1.0&#10;1617963191728&#9;addons.xpi&#9;DEBUG&#9;Calling bootstrap method startup on mailru@search.mozilla.org version 1.0&#10;&#10;Build info: version: '2.53.1', revision: 'a36b8b1cd5757287168e54b817830adce9b0158d', time: '2016-06-30 19:26:09'&#10;System info: host: 'MacBook-Pro-2.local', ip: '127.0.0.1', os.name: 'Mac OS X', os.arch: 'x86_64', os.version: '10.16', java.version: '15.0.2'&#10;Driver info: driver.version: FirefoxDriver" type="net.thucydides.core.webdriver.UnsupportedDriverException">Could not instantiate new WebDriver instance of type class org.openqa.selenium.firefox.FirefoxDriver (Failed to connect to binary FirefoxBinary(/Applications/Firefox.app/Contents/MacOS/firefox-bin) on port 7055; process output follows: 
tyles":{"id":"default-theme@mozilla.org","version":"1.0"},"lwtDarkStyles":{"accentcolor":"hsl(240, 5%, 5%)","icon_color":"rgb(249, 249, 250, 0.7)","ntp_background":"#2A2A2E","ntp_text":"rgb(249, 249, 250)","popup":"#4a4a4f","popup_border":"#27272b","popup_text":"rgb(249, 249, 250)","sidebar":"#38383D","sidebar_border":"rgba(255, 255, 255, 0.1)","sidebar_text":"rgb(249, 249, 250)","textcolor":"rgb(249, 249, 250)","tab_line":"#0a84ff","toolbarColor":"hsl(240, 1%, 20%)","toolbar_bottom_separator":"hsl(240, 5%, 5%)","toolbar_field":"rgb(71, 71, 73)","toolbar_field_border":"rgba(249, 249, 250, 0.2)","toolbar_field_separator":"#5F6670","toolbar_field_text":"rgb(249, 249, 250)","id":"default-theme@mozilla.org","version":"1.0"}}},"firefox-compact-light@mozilla.org":{"dependencies":[],"enabled":false,"loader":null,"path":null,"rootURI":"resource:///modules/themes/light/","runInSafeMode":true,"telemetryKey":"firefox-compact-light%40mozilla.org:1.0","version":"1.0","type":"theme"},"firefox-compact-dark@mozilla.org":{"dependencies":[],"enabled":false,"loader":null,"path":null,"rootURI":"resource:///modules/themes/dark/","runInSafeMode":true,"telemetryKey":"firefox-compact-dark%40mozilla.org:1.0","version":"1.0","type":"theme"},"yandex@search.mozilla.org":{"dependencies":[],"enabled":true,"loader":null,"path":null,"rootURI":"resource://search-extensions/yandex/","runInSafeMode":true,"telemetryKey":"yandex%40search.mozilla.org:1.0","version":"1.0"},"google@search.mozilla.org":{"dependencies":[],"enabled":true,"loader":null,"path":null,"rootURI":"resource://search-extensions/google/","runInSafeMode":true,"telemetryKey":"google%40search.mozilla.org:1.0","version":"1.0"},"ddg@search.mozilla.org":{"dependencies":[],"enabled":true,"loader":null,"path":null,"rootURI":"resource://search-extensions/ddg/","runInSafeMode":true,"telemetryKey":"ddg%40search.mozilla.org:1.0","version":"1.0"},"ozonru@search.mozilla.org":{"dependencies":[],"enabled":true,"loader":null,"path":null,"rootURI":"resource://search-extensions/ozonru/","runInSafeMode":true,"telemetryKey":"ozonru%40search.mozilla.org:1.2","version":"1.2"},"priceru@search.mozilla.org":{"dependencies":[],"enabled":true,"loader":null,"path":null,"rootURI":"resource://search-extensions/priceru/","runInSafeMode":true,"telemetryKey":"priceru%40search.mozilla.org:1.0","version":"1.0"},"wikipedia@search.mozilla.org":{"dependencies":[],"enabled":true,"loader":null,"path":null,"rootURI":"resource://search-extensions/wikipedia/","runInSafeMode":true,"telemetryKey":"wikipedia%40search.mozilla.org:1.0","version":"1.0"}},"staged":{}}: null
1617963191728	addons.xpi	DEBUG	Updating XPIState for {"id":"mailru@search.mozilla.org","syncGUID":"{f7ea64ae-f294-6f4e-9893-49f545c59ea1}","version":"1.0","type":"extension","loader":null,"updateURL":null,"optionsURL":null,"optionsType":null,"optionsBrowserStyle":true,"aboutURL":null,"defaultLocale":{"name":"Поиск Mail.Ru","description":"Search with Поиск Mail.Ru","creator":null,"developers":null,"translators":null,"contributors":null},"visible":true,"active":true,"userDisabled":false,"appDisabled":false,"installDate":1617963191727,"applyBackgroundUpdates":1,"path":null,"skinnable":false,"sourceURI":null,"releaseNotesURI":null,"softDisabled":false,"foreignInstall":false,"strictCompatibility":true,"locales":[],"targetApplications":[{"id":"toolkit@mozilla.org","minVersion":null,"maxVersion":null}],"targetPlatforms":[],"seen":true,"dependencies":[],"incognito":"spanning","userPermissions":{"permissions":[],"origins":[]},"icons":{"16":"favicon.ico"},"iconURL":null,"blocklistState":0,"blocklistURL":null,"startupData":null,"hidden":true,"installTelemetryInfo":null,"recommendationState":null,"rootURI":"resource://search-extensions/mailru/","location":"app-builtin"}
1617963191728	addons.xpi	DEBUG	Loading bootstrap scope from resource://search-extensions/mailru/
1617963191728	addons.xpi	DEBUG	Calling bootstrap method install on mailru@search.mozilla.org version 1.0
1617963191728	addons.xpi	DEBUG	Calling bootstrap method startup on mailru@search.mozilla.org version 1.0

Build info: version: '2.53.1', revision: 'a36b8b1cd5757287168e54b817830adce9b0158d', time: '2016-06-30 19:26:09'
System info: host: 'MacBook-Pro-2.local', ip: '127.0.0.1', os.name: 'Mac OS X', os.arch: 'x86_64', os.version: '10.16', java.version: '15.0.2'
Driver info: driver.version: FirefoxDriver</error><system-err>Could not instantiate new WebDriver instance of type class org.openqa.selenium.firefox.FirefoxDriver (Failed to connect to binary FirefoxBinary(/Applications/Firefox.app/Contents/MacOS/firefox-bin) on port 7055; process output follows: 
tyles":{"id":"default-theme@mozilla.org","version":"1.0"},"lwtDarkStyles":{"accentcolor":"hsl(240, 5%, 5%)","icon_color":"rgb(249, 249, 250, 0.7)","ntp_background":"#2A2A2E","ntp_text":"rgb(249, 249, 250)","popup":"#4a4a4f","popup_border":"#27272b","popup_text":"rgb(249, 249, 250)","sidebar":"#38383D","sidebar_border":"rgba(255, 255, 255, 0.1)","sidebar_text":"rgb(249, 249, 250)","textcolor":"rgb(249, 249, 250)","tab_line":"#0a84ff","toolbarColor":"hsl(240, 1%, 20%)","toolbar_bottom_separator":"hsl(240, 5%, 5%)","toolbar_field":"rgb(71, 71, 73)","toolbar_field_border":"rgba(249, 249, 250, 0.2)","toolbar_field_separator":"#5F6670","toolbar_field_text":"rgb(249, 249, 250)","id":"default-theme@mozilla.org","version":"1.0"}}},"firefox-compact-light@mozilla.org":{"dependencies":[],"enabled":false,"loader":null,"path":null,"rootURI":"resource:///modules/themes/light/","runInSafeMode":true,"telemetryKey":"firefox-compact-light%40mozilla.org:1.0","version":"1.0","type":"theme"},"firefox-compact-dark@mozilla.org":{"dependencies":[],"enabled":false,"loader":null,"path":null,"rootURI":"resource:///modules/themes/dark/","runInSafeMode":true,"telemetryKey":"firefox-compact-dark%40mozilla.org:1.0","version":"1.0","type":"theme"},"yandex@search.mozilla.org":{"dependencies":[],"enabled":true,"loader":null,"path":null,"rootURI":"resource://search-extensions/yandex/","runInSafeMode":true,"telemetryKey":"yandex%40search.mozilla.org:1.0","version":"1.0"},"google@search.mozilla.org":{"dependencies":[],"enabled":true,"loader":null,"path":null,"rootURI":"resource://search-extensions/google/","runInSafeMode":true,"telemetryKey":"google%40search.mozilla.org:1.0","version":"1.0"},"ddg@search.mozilla.org":{"dependencies":[],"enabled":true,"loader":null,"path":null,"rootURI":"resource://search-extensions/ddg/","runInSafeMode":true,"telemetryKey":"ddg%40search.mozilla.org:1.0","version":"1.0"},"ozonru@search.mozilla.org":{"dependencies":[],"enabled":true,"loader":null,"path":null,"rootURI":"resource://search-extensions/ozonru/","runInSafeMode":true,"telemetryKey":"ozonru%40search.mozilla.org:1.2","version":"1.2"},"priceru@search.mozilla.org":{"dependencies":[],"enabled":true,"loader":null,"path":null,"rootURI":"resource://search-extensions/priceru/","runInSafeMode":true,"telemetryKey":"priceru%40search.mozilla.org:1.0","version":"1.0"},"wikipedia@search.mozilla.org":{"dependencies":[],"enabled":true,"loader":null,"path":null,"rootURI":"resource://search-extensions/wikipedia/","runInSafeMode":true,"telemetryKey":"wikipedia%40search.mozilla.org:1.0","version":"1.0"}},"staged":{}}: null
1617963191728	addons.xpi	DEBUG	Updating XPIState for {"id":"mailru@search.mozilla.org","syncGUID":"{f7ea64ae-f294-6f4e-9893-49f545c59ea1}","version":"1.0","type":"extension","loader":null,"updateURL":null,"optionsURL":null,"optionsType":null,"optionsBrowserStyle":true,"aboutURL":null,"defaultLocale":{"name":"Поиск Mail.Ru","description":"Search with Поиск Mail.Ru","creator":null,"developers":null,"translators":null,"contributors":null},"visible":true,"active":true,"userDisabled":false,"appDisabled":false,"installDate":1617963191727,"applyBackgroundUpdates":1,"path":null,"skinnable":false,"sourceURI":null,"releaseNotesURI":null,"softDisabled":false,"foreignInstall":false,"strictCompatibility":true,"locales":[],"targetApplications":[{"id":"toolkit@mozilla.org","minVersion":null,"maxVersion":null}],"targetPlatforms":[],"seen":true,"dependencies":[],"incognito":"spanning","userPermissions":{"permissions":[],"origins":[]},"icons":{"16":"favicon.ico"},"iconURL":null,"blocklistState":0,"blocklistURL":null,"startupData":null,"hidden":true,"installTelemetryInfo":null,"recommendationState":null,"rootURI":"resource://search-extensions/mailru/","location":"app-builtin"}
1617963191728	addons.xpi	DEBUG	Loading bootstrap scope from resource://search-extensions/mailru/
1617963191728	addons.xpi	DEBUG	Calling bootstrap method install on mailru@search.mozilla.org version 1.0
1617963191728	addons.xpi	DEBUG	Calling bootstrap method startup on mailru@search.mozilla.org version 1.0

Build info: version: '2.53.1', revision: 'a36b8b1cd5757287168e54b817830adce9b0158d', time: '2016-06-30 19:26:09'
System info: host: 'MacBook-Pro-2.local', ip: '127.0.0.1', os.name: 'Mac OS X', os.arch: 'x86_64', os.version: '10.16', java.version: '15.0.2'
Driver info: driver.version: FirefoxDriver
music.cucumber.Steps.AddToFavSteps.user_navigates_to_mixcloud_website(AddToFavSteps.java:28)
java.base/jdk.internal.reflect.NativeMethodAccessorImpl.invoke0(Native Method)
java.base/jdk.internal.reflect.NativeMethodAccessorImpl.invoke(NativeMethodAccessorImpl.java:64)
java.base/jdk.internal.reflect.DelegatingMethodAccessorImpl.invoke(DelegatingMethodAccessorImpl.java:43)
</system-err></testcase></testsuite>